/home/bamorim/.local/lib/python3.5/site-packages/sklearn/cross_validation.py:42: DeprecationWarning: This module has been deprecated in favor of the model_selection module into which all the refactored classes and functions are moved. Also note that the interface of the new CV iterators are different from that of this module. This module will be removed in 0.20.
  "This module will be removed in 0.20.", DeprecationWarning)
Traceback (most recent call last):
  File "train.py", line 19, in <module>
    main()
  File "train.py", line 13, in main
    X = files['X']
  File "/usr/lib/python3.5/site-packages/numpy/lib/npyio.py", line 224, in __getitem__
    pickle_kwargs=self.pickle_kwargs)
  File "/usr/lib/python3.5/site-packages/numpy/lib/format.py", line 665, in read_array
    data = _read_bytes(fp, read_size, "array data")
  File "/usr/lib/python3.5/site-packages/numpy/lib/format.py", line 804, in _read_bytes
    r = fp.read(size - len(data))
  File "/usr/lib/python3.5/zipfile.py", line 841, in read
    data = self._read1(n)
  File "/usr/lib/python3.5/zipfile.py", line 931, in _read1
    self._update_crc(data)
  File "/usr/lib/python3.5/zipfile.py", line 856, in _update_crc
    self._running_crc = crc32(newdata, self._running_crc) & 0xffffffff
KeyboardInterrupt
